{"E:\\NODE\\9- Mongoose- Modeling Relationships between Connected Data\\before\\vidly\\index.js": {"path":"E:\\NODE\\9- Mongoose- Modeling Relationships between Connected Data\\before\\vidly\\index.js","statementMap":{"0":{"start":{"line":1,"column":0},"end":{"line":1,"column":32}},"1":{"start":{"line":2,"column":16},"end":{"line":2,"column":34}},"2":{"start":{"line":3,"column":16},"end":{"line":3,"column":34}},"3":{"start":{"line":4,"column":12},"end":{"line":4,"column":21}},"4":{"start":{"line":5,"column":0},"end":{"line":5,"column":33}},"5":{"start":{"line":6,"column":0},"end":{"line":6,"column":26}},"6":{"start":{"line":7,"column":0},"end":{"line":7,"column":31}},"7":{"start":{"line":8,"column":0},"end":{"line":8,"column":30}},"8":{"start":{"line":9,"column":0},"end":{"line":9,"column":34}},"9":{"start":{"line":12,"column":13},"end":{"line":12,"column":37}},"10":{"start":{"line":13,"column":14},"end":{"line":13,"column":82}},"11":{"start":{"line":13,"column":37},"end":{"line":13,"column":81}},"12":{"start":{"line":15,"column":0},"end":{"line":15,"column":24}}},"fnMap":{"0":{"name":"(anonymous_0)","decl":{"start":{"line":13,"column":31},"end":{"line":13,"column":32}},"loc":{"start":{"line":13,"column":37},"end":{"line":13,"column":81}},"line":13}},"branchMap":{"0":{"loc":{"start":{"line":12,"column":13},"end":{"line":12,"column":37}},"type":"binary-expr","locations":[{"start":{"line":12,"column":13},"end":{"line":12,"column":29}},{"start":{"line":12,"column":33},"end":{"line":12,"column":37}}],"line":12}},"s":{"0":3,"1":3,"2":3,"3":3,"4":3,"5":3,"6":3,"7":3,"8":3,"9":3,"10":3,"11":2,"12":3},"f":{"0":2},"b":{"0":[3,3]},"_coverageSchema":"1a1c01bbd47fc00a2c39e90264f33305004495a9","hash":"f889119283083e4ad895ee1c8b2336a9ad0b77e2"}
,"E:\\NODE\\9- Mongoose- Modeling Relationships between Connected Data\\before\\vidly\\middlewares\\admin.js": {"path":"E:\\NODE\\9- Mongoose- Modeling Relationships between Connected Data\\before\\vidly\\middlewares\\admin.js","statementMap":{"0":{"start":{"line":3,"column":0},"end":{"line":8,"column":1}},"1":{"start":{"line":4,"column":4},"end":{"line":4,"column":72}},"2":{"start":{"line":4,"column":27},"end":{"line":4,"column":72}},"3":{"start":{"line":7,"column":4},"end":{"line":7,"column":11}}},"fnMap":{"0":{"name":"(anonymous_0)","decl":{"start":{"line":3,"column":17},"end":{"line":3,"column":18}},"loc":{"start":{"line":3,"column":42},"end":{"line":8,"column":1}},"line":3}},"branchMap":{"0":{"loc":{"start":{"line":4,"column":4},"end":{"line":4,"column":72}},"type":"if","locations":[{"start":{"line":4,"column":4},"end":{"line":4,"column":72}},{"start":{},"end":{}}],"line":4}},"s":{"0":3,"1":5,"2":1,"3":4},"f":{"0":5},"b":{"0":[1,4]},"_coverageSchema":"1a1c01bbd47fc00a2c39e90264f33305004495a9","hash":"c805e42b59b96fd0bf24608df56d44b7a41ff4a6"}
,"E:\\NODE\\9- Mongoose- Modeling Relationships between Connected Data\\before\\vidly\\middlewares\\auth.js": {"path":"E:\\NODE\\9- Mongoose- Modeling Relationships between Connected Data\\before\\vidly\\middlewares\\auth.js","statementMap":{"0":{"start":{"line":2,"column":11},"end":{"line":2,"column":34}},"1":{"start":{"line":3,"column":14},"end":{"line":3,"column":31}},"2":{"start":{"line":5,"column":0},"end":{"line":35,"column":1}},"3":{"start":{"line":6,"column":17},"end":{"line":6,"column":43}},"4":{"start":{"line":7,"column":4},"end":{"line":7,"column":79}},"5":{"start":{"line":7,"column":15},"end":{"line":7,"column":79}},"6":{"start":{"line":13,"column":4},"end":{"line":34,"column":5}},"7":{"start":{"line":14,"column":23},"end":{"line":14,"column":69}},"8":{"start":{"line":16,"column":8},"end":{"line":16,"column":27}},"9":{"start":{"line":28,"column":8},"end":{"line":28,"column":15}},"10":{"start":{"line":33,"column":8},"end":{"line":33,"column":46}}},"fnMap":{"0":{"name":"(anonymous_0)","decl":{"start":{"line":5,"column":17},"end":{"line":5,"column":18}},"loc":{"start":{"line":5,"column":43},"end":{"line":35,"column":1}},"line":5}},"branchMap":{"0":{"loc":{"start":{"line":7,"column":4},"end":{"line":7,"column":79}},"type":"if","locations":[{"start":{"line":7,"column":4},"end":{"line":7,"column":79}},{"start":{},"end":{}}],"line":7}},"s":{"0":3,"1":3,"2":3,"3":22,"4":22,"5":4,"6":18,"7":18,"8":17,"9":17,"10":1},"f":{"0":22},"b":{"0":[4,18]},"_coverageSchema":"1a1c01bbd47fc00a2c39e90264f33305004495a9","hash":"b098ba0f44530f495e4be4c93d94219b244297c1"}
,"E:\\NODE\\9- Mongoose- Modeling Relationships between Connected Data\\before\\vidly\\middlewares\\error.js": {"path":"E:\\NODE\\9- Mongoose- Modeling Relationships between Connected Data\\before\\vidly\\middlewares\\error.js","statementMap":{"0":{"start":{"line":1,"column":16},"end":{"line":1,"column":34}},"1":{"start":{"line":2,"column":0},"end":{"line":9,"column":5}},"2":{"start":{"line":7,"column":5},"end":{"line":7,"column":36}},"3":{"start":{"line":8,"column":4},"end":{"line":8,"column":45}}},"fnMap":{"0":{"name":"(anonymous_0)","decl":{"start":{"line":2,"column":16},"end":{"line":2,"column":17}},"loc":{"start":{"line":2,"column":45},"end":{"line":9,"column":5}},"line":2}},"branchMap":{},"s":{"0":3,"1":3,"2":1,"3":1},"f":{"0":1},"b":{},"_coverageSchema":"1a1c01bbd47fc00a2c39e90264f33305004495a9","hash":"dccd904f21fa5c29ef4e1f303b6726e1470858cc"}
,"E:\\NODE\\9- Mongoose- Modeling Relationships between Connected Data\\before\\vidly\\middlewares\\validateObjectId.js": {"path":"E:\\NODE\\9- Mongoose- Modeling Relationships between Connected Data\\before\\vidly\\middlewares\\validateObjectId.js","statementMap":{"0":{"start":{"line":1,"column":17},"end":{"line":1,"column":36}},"1":{"start":{"line":3,"column":0},"end":{"line":12,"column":2}},"2":{"start":{"line":9,"column":4},"end":{"line":10,"column":50}},"3":{"start":{"line":10,"column":8},"end":{"line":10,"column":50}},"4":{"start":{"line":11,"column":4},"end":{"line":11,"column":11}}},"fnMap":{"0":{"name":"(anonymous_0)","decl":{"start":{"line":3,"column":17},"end":{"line":3,"column":18}},"loc":{"start":{"line":4,"column":1},"end":{"line":12,"column":2}},"line":4}},"branchMap":{"0":{"loc":{"start":{"line":9,"column":4},"end":{"line":10,"column":50}},"type":"if","locations":[{"start":{"line":9,"column":4},"end":{"line":10,"column":50}},{"start":{},"end":{}}],"line":9}},"s":{"0":3,"1":3,"2":9,"3":2,"4":7},"f":{"0":9},"b":{"0":[2,7]},"_coverageSchema":"1a1c01bbd47fc00a2c39e90264f33305004495a9","hash":"84132058f058ad4b3af678e9203538f44b31acd5"}
,"E:\\NODE\\9- Mongoose- Modeling Relationships between Connected Data\\before\\vidly\\models\\customer.js": {"path":"E:\\NODE\\9- Mongoose- Modeling Relationships between Connected Data\\before\\vidly\\models\\customer.js","statementMap":{"0":{"start":{"line":1,"column":12},"end":{"line":1,"column":26}},"1":{"start":{"line":2,"column":17},"end":{"line":2,"column":36}},"2":{"start":{"line":4,"column":17},"end":{"line":21,"column":3}},"3":{"start":{"line":24,"column":17},"end":{"line":28,"column":3}},"4":{"start":{"line":30,"column":2},"end":{"line":30,"column":40}},"5":{"start":{"line":33,"column":0},"end":{"line":33,"column":28}},"6":{"start":{"line":34,"column":0},"end":{"line":34,"column":36}}},"fnMap":{"0":{"name":"validateCustomer","decl":{"start":{"line":23,"column":9},"end":{"line":23,"column":25}},"loc":{"start":{"line":23,"column":36},"end":{"line":31,"column":1}},"line":23}},"branchMap":{},"s":{"0":3,"1":3,"2":3,"3":0,"4":0,"5":3,"6":3},"f":{"0":0},"b":{},"_coverageSchema":"1a1c01bbd47fc00a2c39e90264f33305004495a9","hash":"cd3b9fc2a9cc0136dcf6cc72772315a4d9687119"}
,"E:\\NODE\\9- Mongoose- Modeling Relationships between Connected Data\\before\\vidly\\models\\genre.js": {"path":"E:\\NODE\\9- Mongoose- Modeling Relationships between Connected Data\\before\\vidly\\models\\genre.js","statementMap":{"0":{"start":{"line":1,"column":12},"end":{"line":1,"column":26}},"1":{"start":{"line":2,"column":17},"end":{"line":2,"column":36}},"2":{"start":{"line":4,"column":20},"end":{"line":11,"column":2}},"3":{"start":{"line":13,"column":14},"end":{"line":13,"column":51}},"4":{"start":{"line":16,"column":17},"end":{"line":18,"column":3}},"5":{"start":{"line":19,"column":2},"end":{"line":19,"column":37}},"6":{"start":{"line":22,"column":0},"end":{"line":22,"column":22}},"7":{"start":{"line":23,"column":0},"end":{"line":23,"column":34}},"8":{"start":{"line":24,"column":0},"end":{"line":24,"column":33}}},"fnMap":{"0":{"name":"validateGenre","decl":{"start":{"line":15,"column":9},"end":{"line":15,"column":22}},"loc":{"start":{"line":15,"column":30},"end":{"line":20,"column":1}},"line":15}},"branchMap":{},"s":{"0":3,"1":3,"2":3,"3":3,"4":10,"5":10,"6":3,"7":3,"8":3},"f":{"0":10},"b":{},"_coverageSchema":"1a1c01bbd47fc00a2c39e90264f33305004495a9","hash":"9174f43b2977c07ea550cbd761a12f0b5d8090fa"}
,"E:\\NODE\\9- Mongoose- Modeling Relationships between Connected Data\\before\\vidly\\models\\movies.js": {"path":"E:\\NODE\\9- Mongoose- Modeling Relationships between Connected Data\\before\\vidly\\models\\movies.js","statementMap":{"0":{"start":{"line":1,"column":12},"end":{"line":1,"column":26}},"1":{"start":{"line":2,"column":17},"end":{"line":2,"column":36}},"2":{"start":{"line":3,"column":22},"end":{"line":3,"column":40}},"3":{"start":{"line":5,"column":14},"end":{"line":28,"column":3}},"4":{"start":{"line":32,"column":17},"end":{"line":38,"column":3}},"5":{"start":{"line":40,"column":2},"end":{"line":40,"column":37}},"6":{"start":{"line":43,"column":0},"end":{"line":43,"column":22}},"7":{"start":{"line":44,"column":0},"end":{"line":44,"column":34}}},"fnMap":{"0":{"name":"validateMovies","decl":{"start":{"line":30,"column":9},"end":{"line":30,"column":23}},"loc":{"start":{"line":30,"column":31},"end":{"line":41,"column":1}},"line":30}},"branchMap":{},"s":{"0":3,"1":3,"2":3,"3":3,"4":0,"5":0,"6":3,"7":3},"f":{"0":0},"b":{},"_coverageSchema":"1a1c01bbd47fc00a2c39e90264f33305004495a9","hash":"9c2a9de784293e83615ab1e74f5832883003dca6"}
,"E:\\NODE\\9- Mongoose- Modeling Relationships between Connected Data\\before\\vidly\\models\\rentals.js": {"path":"E:\\NODE\\9- Mongoose- Modeling Relationships between Connected Data\\before\\vidly\\models\\rentals.js","statementMap":{"0":{"start":{"line":1,"column":12},"end":{"line":1,"column":26}},"1":{"start":{"line":3,"column":17},"end":{"line":3,"column":36}},"2":{"start":{"line":4,"column":15},"end":{"line":54,"column":3}},"3":{"start":{"line":57,"column":17},"end":{"line":60,"column":3}},"4":{"start":{"line":61,"column":2},"end":{"line":61,"column":38}},"5":{"start":{"line":64,"column":0},"end":{"line":64,"column":24}},"6":{"start":{"line":65,"column":0},"end":{"line":65,"column":35}}},"fnMap":{"0":{"name":"validateRentals","decl":{"start":{"line":56,"column":9},"end":{"line":56,"column":24}},"loc":{"start":{"line":56,"column":33},"end":{"line":62,"column":1}},"line":56}},"branchMap":{},"s":{"0":3,"1":3,"2":3,"3":0,"4":0,"5":3,"6":3},"f":{"0":0},"b":{},"_coverageSchema":"1a1c01bbd47fc00a2c39e90264f33305004495a9","hash":"4e1639a0b1d48240ae3d6060939b992fd978804f"}
,"E:\\NODE\\9- Mongoose- Modeling Relationships between Connected Data\\before\\vidly\\models\\user.js": {"path":"E:\\NODE\\9- Mongoose- Modeling Relationships between Connected Data\\before\\vidly\\models\\user.js","statementMap":{"0":{"start":{"line":1,"column":12},"end":{"line":1,"column":26}},"1":{"start":{"line":2,"column":17},"end":{"line":2,"column":36}},"2":{"start":{"line":3,"column":14},"end":{"line":3,"column":31}},"3":{"start":{"line":4,"column":11},"end":{"line":4,"column":34}},"4":{"start":{"line":5,"column":17},"end":{"line":5,"column":48}},"5":{"start":{"line":8,"column":20},"end":{"line":29,"column":2}},"6":{"start":{"line":31,"column":0},"end":{"line":41,"column":1}},"7":{"start":{"line":39,"column":17},"end":{"line":39,"column":95}},"8":{"start":{"line":40,"column":4},"end":{"line":40,"column":17}},"9":{"start":{"line":43,"column":13},"end":{"line":43,"column":46}},"10":{"start":{"line":47,"column":17},"end":{"line":51,"column":3}},"11":{"start":{"line":53,"column":2},"end":{"line":53,"column":36}},"12":{"start":{"line":56,"column":0},"end":{"line":56,"column":20}},"13":{"start":{"line":57,"column":0},"end":{"line":57,"column":32}}},"fnMap":{"0":{"name":"(anonymous_0)","decl":{"start":{"line":31,"column":35},"end":{"line":31,"column":36}},"loc":{"start":{"line":31,"column":46},"end":{"line":41,"column":1}},"line":31},"1":{"name":"validateUSer","decl":{"start":{"line":45,"column":9},"end":{"line":45,"column":21}},"loc":{"start":{"line":45,"column":28},"end":{"line":54,"column":1}},"line":45}},"branchMap":{},"s":{"0":4,"1":4,"2":4,"3":4,"4":4,"5":4,"6":4,"7":24,"8":24,"9":4,"10":0,"11":0,"12":4,"13":4},"f":{"0":24,"1":0},"b":{},"_coverageSchema":"1a1c01bbd47fc00a2c39e90264f33305004495a9","hash":"7025e28c3c9611cf7c675d51de28d98674684461"}
,"E:\\NODE\\9- Mongoose- Modeling Relationships between Connected Data\\before\\vidly\\routes\\auth.js": {"path":"E:\\NODE\\9- Mongoose- Modeling Relationships between Connected Data\\before\\vidly\\routes\\auth.js","statementMap":{"0":{"start":{"line":1,"column":14},"end":{"line":1,"column":31}},"1":{"start":{"line":2,"column":15},"end":{"line":2,"column":32}},"2":{"start":{"line":3,"column":11},"end":{"line":3,"column":34}},"3":{"start":{"line":4,"column":10},"end":{"line":4,"column":27}},"4":{"start":{"line":5,"column":12},"end":{"line":5,"column":26}},"5":{"start":{"line":6,"column":15},"end":{"line":6,"column":40}},"6":{"start":{"line":7,"column":17},"end":{"line":7,"column":36}},"7":{"start":{"line":8,"column":16},"end":{"line":8,"column":34}},"8":{"start":{"line":9,"column":15},"end":{"line":9,"column":31}},"9":{"start":{"line":12,"column":0},"end":{"line":24,"column":3}},"10":{"start":{"line":13,"column":22},"end":{"line":13,"column":44}},"11":{"start":{"line":14,"column":4},"end":{"line":14,"column":69}},"12":{"start":{"line":14,"column":15},"end":{"line":14,"column":69}},"13":{"start":{"line":16,"column":14},"end":{"line":16,"column":57}},"14":{"start":{"line":17,"column":3},"end":{"line":17,"column":70}},"15":{"start":{"line":17,"column":14},"end":{"line":17,"column":70}},"16":{"start":{"line":19,"column":25},"end":{"line":19,"column":79}},"17":{"start":{"line":20,"column":3},"end":{"line":20,"column":78}},"18":{"start":{"line":20,"column":22},"end":{"line":20,"column":78}},"19":{"start":{"line":22,"column":16},"end":{"line":22,"column":36}},"20":{"start":{"line":23,"column":4},"end":{"line":23,"column":20}},"21":{"start":{"line":28,"column":17},"end":{"line":31,"column":3}},"22":{"start":{"line":33,"column":2},"end":{"line":33,"column":35}},"23":{"start":{"line":36,"column":0},"end":{"line":36,"column":24}}},"fnMap":{"0":{"name":"(anonymous_0)","decl":{"start":{"line":12,"column":17},"end":{"line":12,"column":18}},"loc":{"start":{"line":12,"column":37},"end":{"line":24,"column":1}},"line":12},"1":{"name":"validateUSer","decl":{"start":{"line":26,"column":9},"end":{"line":26,"column":21}},"loc":{"start":{"line":26,"column":27},"end":{"line":34,"column":1}},"line":26}},"branchMap":{"0":{"loc":{"start":{"line":14,"column":4},"end":{"line":14,"column":69}},"type":"if","locations":[{"start":{"line":14,"column":4},"end":{"line":14,"column":69}},{"start":{},"end":{}}],"line":14},"1":{"loc":{"start":{"line":17,"column":3},"end":{"line":17,"column":70}},"type":"if","locations":[{"start":{"line":17,"column":3},"end":{"line":17,"column":70}},{"start":{},"end":{}}],"line":17},"2":{"loc":{"start":{"line":20,"column":3},"end":{"line":20,"column":78}},"type":"if","locations":[{"start":{"line":20,"column":3},"end":{"line":20,"column":78}},{"start":{},"end":{}}],"line":20}},"s":{"0":3,"1":3,"2":3,"3":3,"4":3,"5":3,"6":3,"7":3,"8":3,"9":3,"10":0,"11":0,"12":0,"13":0,"14":0,"15":0,"16":0,"17":0,"18":0,"19":0,"20":0,"21":0,"22":0,"23":3},"f":{"0":0,"1":0},"b":{"0":[0,0],"1":[0,0],"2":[0,0]},"_coverageSchema":"1a1c01bbd47fc00a2c39e90264f33305004495a9","hash":"604d04559811de8d2da61b0d9c9161ce7603af9a"}
,"E:\\NODE\\9- Mongoose- Modeling Relationships between Connected Data\\before\\vidly\\routes\\customers.js": {"path":"E:\\NODE\\9- Mongoose- Modeling Relationships between Connected Data\\before\\vidly\\routes\\customers.js","statementMap":{"0":{"start":{"line":1,"column":29},"end":{"line":1,"column":58}},"1":{"start":{"line":2,"column":17},"end":{"line":2,"column":36}},"2":{"start":{"line":3,"column":16},"end":{"line":3,"column":34}},"3":{"start":{"line":4,"column":15},"end":{"line":4,"column":31}},"4":{"start":{"line":6,"column":0},"end":{"line":9,"column":3}},"5":{"start":{"line":7,"column":20},"end":{"line":7,"column":54}},"6":{"start":{"line":8,"column":2},"end":{"line":8,"column":22}},"7":{"start":{"line":11,"column":0},"end":{"line":23,"column":3}},"8":{"start":{"line":12,"column":20},"end":{"line":12,"column":38}},"9":{"start":{"line":13,"column":2},"end":{"line":13,"column":67}},"10":{"start":{"line":13,"column":13},"end":{"line":13,"column":67}},"11":{"start":{"line":15,"column":17},"end":{"line":19,"column":4}},"12":{"start":{"line":20,"column":2},"end":{"line":20,"column":35}},"13":{"start":{"line":22,"column":2},"end":{"line":22,"column":21}},"14":{"start":{"line":25,"column":0},"end":{"line":39,"column":3}},"15":{"start":{"line":26,"column":20},"end":{"line":26,"column":38}},"16":{"start":{"line":27,"column":2},"end":{"line":27,"column":67}},"17":{"start":{"line":27,"column":13},"end":{"line":27,"column":67}},"18":{"start":{"line":29,"column":19},"end":{"line":34,"column":21}},"19":{"start":{"line":36,"column":2},"end":{"line":36,"column":94}},"20":{"start":{"line":36,"column":17},"end":{"line":36,"column":94}},"21":{"start":{"line":38,"column":2},"end":{"line":38,"column":21}},"22":{"start":{"line":41,"column":0},"end":{"line":47,"column":3}},"23":{"start":{"line":42,"column":19},"end":{"line":42,"column":66}},"24":{"start":{"line":44,"column":2},"end":{"line":44,"column":94}},"25":{"start":{"line":44,"column":17},"end":{"line":44,"column":94}},"26":{"start":{"line":46,"column":2},"end":{"line":46,"column":21}},"27":{"start":{"line":49,"column":0},"end":{"line":55,"column":3}},"28":{"start":{"line":50,"column":19},"end":{"line":50,"column":57}},"29":{"start":{"line":52,"column":2},"end":{"line":52,"column":94}},"30":{"start":{"line":52,"column":17},"end":{"line":52,"column":94}},"31":{"start":{"line":54,"column":2},"end":{"line":54,"column":21}},"32":{"start":{"line":57,"column":0},"end":{"line":57,"column":24}}},"fnMap":{"0":{"name":"(anonymous_0)","decl":{"start":{"line":6,"column":16},"end":{"line":6,"column":17}},"loc":{"start":{"line":6,"column":36},"end":{"line":9,"column":1}},"line":6},"1":{"name":"(anonymous_1)","decl":{"start":{"line":11,"column":17},"end":{"line":11,"column":18}},"loc":{"start":{"line":11,"column":37},"end":{"line":23,"column":1}},"line":11},"2":{"name":"(anonymous_2)","decl":{"start":{"line":25,"column":19},"end":{"line":25,"column":20}},"loc":{"start":{"line":25,"column":39},"end":{"line":39,"column":1}},"line":25},"3":{"name":"(anonymous_3)","decl":{"start":{"line":41,"column":22},"end":{"line":41,"column":23}},"loc":{"start":{"line":41,"column":42},"end":{"line":47,"column":1}},"line":41},"4":{"name":"(anonymous_4)","decl":{"start":{"line":49,"column":19},"end":{"line":49,"column":20}},"loc":{"start":{"line":49,"column":39},"end":{"line":55,"column":1}},"line":49}},"branchMap":{"0":{"loc":{"start":{"line":13,"column":2},"end":{"line":13,"column":67}},"type":"if","locations":[{"start":{"line":13,"column":2},"end":{"line":13,"column":67}},{"start":{},"end":{}}],"line":13},"1":{"loc":{"start":{"line":27,"column":2},"end":{"line":27,"column":67}},"type":"if","locations":[{"start":{"line":27,"column":2},"end":{"line":27,"column":67}},{"start":{},"end":{}}],"line":27},"2":{"loc":{"start":{"line":36,"column":2},"end":{"line":36,"column":94}},"type":"if","locations":[{"start":{"line":36,"column":2},"end":{"line":36,"column":94}},{"start":{},"end":{}}],"line":36},"3":{"loc":{"start":{"line":44,"column":2},"end":{"line":44,"column":94}},"type":"if","locations":[{"start":{"line":44,"column":2},"end":{"line":44,"column":94}},{"start":{},"end":{}}],"line":44},"4":{"loc":{"start":{"line":52,"column":2},"end":{"line":52,"column":94}},"type":"if","locations":[{"start":{"line":52,"column":2},"end":{"line":52,"column":94}},{"start":{},"end":{}}],"line":52}},"s":{"0":3,"1":3,"2":3,"3":3,"4":3,"5":0,"6":0,"7":3,"8":0,"9":0,"10":0,"11":0,"12":0,"13":0,"14":3,"15":0,"16":0,"17":0,"18":0,"19":0,"20":0,"21":0,"22":3,"23":0,"24":0,"25":0,"26":0,"27":3,"28":0,"29":0,"30":0,"31":0,"32":3},"f":{"0":0,"1":0,"2":0,"3":0,"4":0},"b":{"0":[0,0],"1":[0,0],"2":[0,0],"3":[0,0],"4":[0,0]},"_coverageSchema":"1a1c01bbd47fc00a2c39e90264f33305004495a9","hash":"29b645047a5e2113f526a6d04d744fda4c8f68b8"}
,"E:\\NODE\\9- Mongoose- Modeling Relationships between Connected Data\\before\\vidly\\routes\\genres.js": {"path":"E:\\NODE\\9- Mongoose- Modeling Relationships between Connected Data\\before\\vidly\\routes\\genres.js","statementMap":{"0":{"start":{"line":1,"column":25},"end":{"line":1,"column":67}},"1":{"start":{"line":2,"column":13},"end":{"line":2,"column":43}},"2":{"start":{"line":3,"column":26},"end":{"line":3,"column":52}},"3":{"start":{"line":4,"column":17},"end":{"line":4,"column":36}},"4":{"start":{"line":5,"column":16},"end":{"line":5,"column":34}},"5":{"start":{"line":6,"column":14},"end":{"line":6,"column":45}},"6":{"start":{"line":7,"column":15},"end":{"line":7,"column":31}},"7":{"start":{"line":9,"column":0},"end":{"line":12,"column":3}},"8":{"start":{"line":10,"column":17},"end":{"line":10,"column":48}},"9":{"start":{"line":11,"column":2},"end":{"line":11,"column":19}},"10":{"start":{"line":14,"column":0},"end":{"line":24,"column":3}},"11":{"start":{"line":19,"column":16},"end":{"line":19,"column":51}},"12":{"start":{"line":21,"column":2},"end":{"line":21,"column":88}},"13":{"start":{"line":21,"column":14},"end":{"line":21,"column":88}},"14":{"start":{"line":23,"column":2},"end":{"line":23,"column":18}},"15":{"start":{"line":26,"column":0},"end":{"line":34,"column":3}},"16":{"start":{"line":27,"column":20},"end":{"line":27,"column":38}},"17":{"start":{"line":28,"column":2},"end":{"line":28,"column":67}},"18":{"start":{"line":28,"column":13},"end":{"line":28,"column":67}},"19":{"start":{"line":30,"column":14},"end":{"line":30,"column":48}},"20":{"start":{"line":31,"column":2},"end":{"line":31,"column":29}},"21":{"start":{"line":33,"column":2},"end":{"line":33,"column":18}},"22":{"start":{"line":36,"column":0},"end":{"line":48,"column":3}},"23":{"start":{"line":38,"column":20},"end":{"line":38,"column":38}},"24":{"start":{"line":39,"column":2},"end":{"line":39,"column":67}},"25":{"start":{"line":39,"column":13},"end":{"line":39,"column":67}},"26":{"start":{"line":41,"column":16},"end":{"line":43,"column":4}},"27":{"start":{"line":45,"column":2},"end":{"line":45,"column":88}},"28":{"start":{"line":45,"column":14},"end":{"line":45,"column":88}},"29":{"start":{"line":47,"column":2},"end":{"line":47,"column":18}},"30":{"start":{"line":50,"column":0},"end":{"line":56,"column":3}},"31":{"start":{"line":51,"column":16},"end":{"line":51,"column":60}},"32":{"start":{"line":53,"column":2},"end":{"line":53,"column":88}},"33":{"start":{"line":53,"column":14},"end":{"line":53,"column":88}},"34":{"start":{"line":55,"column":2},"end":{"line":55,"column":18}},"35":{"start":{"line":59,"column":0},"end":{"line":59,"column":24}}},"fnMap":{"0":{"name":"(anonymous_0)","decl":{"start":{"line":9,"column":16},"end":{"line":9,"column":17}},"loc":{"start":{"line":9,"column":36},"end":{"line":12,"column":1}},"line":9},"1":{"name":"(anonymous_1)","decl":{"start":{"line":14,"column":37},"end":{"line":14,"column":38}},"loc":{"start":{"line":14,"column":57},"end":{"line":24,"column":1}},"line":14},"2":{"name":"(anonymous_2)","decl":{"start":{"line":26,"column":23},"end":{"line":26,"column":24}},"loc":{"start":{"line":26,"column":43},"end":{"line":34,"column":1}},"line":26},"3":{"name":"(anonymous_3)","decl":{"start":{"line":36,"column":44},"end":{"line":36,"column":45}},"loc":{"start":{"line":36,"column":64},"end":{"line":48,"column":1}},"line":36},"4":{"name":"(anonymous_4)","decl":{"start":{"line":50,"column":35},"end":{"line":50,"column":36}},"loc":{"start":{"line":50,"column":55},"end":{"line":56,"column":1}},"line":50}},"branchMap":{"0":{"loc":{"start":{"line":21,"column":2},"end":{"line":21,"column":88}},"type":"if","locations":[{"start":{"line":21,"column":2},"end":{"line":21,"column":88}},{"start":{},"end":{}}],"line":21},"1":{"loc":{"start":{"line":28,"column":2},"end":{"line":28,"column":67}},"type":"if","locations":[{"start":{"line":28,"column":2},"end":{"line":28,"column":67}},{"start":{},"end":{}}],"line":28},"2":{"loc":{"start":{"line":39,"column":2},"end":{"line":39,"column":67}},"type":"if","locations":[{"start":{"line":39,"column":2},"end":{"line":39,"column":67}},{"start":{},"end":{}}],"line":39},"3":{"loc":{"start":{"line":45,"column":2},"end":{"line":45,"column":88}},"type":"if","locations":[{"start":{"line":45,"column":2},"end":{"line":45,"column":88}},{"start":{},"end":{}}],"line":45},"4":{"loc":{"start":{"line":53,"column":2},"end":{"line":53,"column":88}},"type":"if","locations":[{"start":{"line":53,"column":2},"end":{"line":53,"column":88}},{"start":{},"end":{}}],"line":53}},"s":{"0":3,"1":3,"2":3,"3":3,"4":3,"5":3,"6":3,"7":3,"8":1,"9":1,"10":3,"11":2,"12":2,"13":1,"14":1,"15":3,"16":5,"17":5,"18":2,"19":3,"20":3,"21":3,"22":3,"23":5,"24":5,"25":2,"26":3,"27":3,"28":1,"29":2,"30":3,"31":4,"32":3,"33":1,"34":2,"35":3},"f":{"0":1,"1":2,"2":5,"3":5,"4":4},"b":{"0":[1,1],"1":[2,3],"2":[2,3],"3":[1,2],"4":[1,2]},"_coverageSchema":"1a1c01bbd47fc00a2c39e90264f33305004495a9","hash":"ed3db9e75a6a3ba805de20d29c971c46dfc39302"}
,"E:\\NODE\\9- Mongoose- Modeling Relationships between Connected Data\\before\\vidly\\routes\\movies.js": {"path":"E:\\NODE\\9- Mongoose- Modeling Relationships between Connected Data\\before\\vidly\\routes\\movies.js","statementMap":{"0":{"start":{"line":1,"column":26},"end":{"line":1,"column":53}},"1":{"start":{"line":2,"column":17},"end":{"line":2,"column":36}},"2":{"start":{"line":3,"column":16},"end":{"line":3,"column":42}},"3":{"start":{"line":4,"column":16},"end":{"line":4,"column":34}},"4":{"start":{"line":5,"column":15},"end":{"line":5,"column":31}},"5":{"start":{"line":7,"column":0},"end":{"line":10,"column":3}},"6":{"start":{"line":8,"column":17},"end":{"line":8,"column":48}},"7":{"start":{"line":9,"column":2},"end":{"line":9,"column":19}},"8":{"start":{"line":12,"column":0},"end":{"line":32,"column":3}},"9":{"start":{"line":13,"column":20},"end":{"line":13,"column":38}},"10":{"start":{"line":14,"column":2},"end":{"line":14,"column":67}},"11":{"start":{"line":14,"column":13},"end":{"line":14,"column":67}},"12":{"start":{"line":17,"column":16},"end":{"line":17,"column":54}},"13":{"start":{"line":18,"column":2},"end":{"line":18,"column":59}},"14":{"start":{"line":18,"column":14},"end":{"line":18,"column":59}},"15":{"start":{"line":20,"column":16},"end":{"line":28,"column":2}},"16":{"start":{"line":29,"column":2},"end":{"line":29,"column":21}},"17":{"start":{"line":31,"column":2},"end":{"line":31,"column":18}},"18":{"start":{"line":34,"column":0},"end":{"line":45,"column":3}},"19":{"start":{"line":35,"column":20},"end":{"line":35,"column":38}},"20":{"start":{"line":36,"column":2},"end":{"line":36,"column":67}},"21":{"start":{"line":36,"column":13},"end":{"line":36,"column":67}},"22":{"start":{"line":38,"column":16},"end":{"line":40,"column":4}},"23":{"start":{"line":42,"column":2},"end":{"line":42,"column":88}},"24":{"start":{"line":42,"column":14},"end":{"line":42,"column":88}},"25":{"start":{"line":44,"column":2},"end":{"line":44,"column":18}},"26":{"start":{"line":47,"column":0},"end":{"line":53,"column":3}},"27":{"start":{"line":48,"column":16},"end":{"line":48,"column":60}},"28":{"start":{"line":50,"column":2},"end":{"line":50,"column":88}},"29":{"start":{"line":50,"column":14},"end":{"line":50,"column":88}},"30":{"start":{"line":52,"column":2},"end":{"line":52,"column":18}},"31":{"start":{"line":55,"column":0},"end":{"line":61,"column":3}},"32":{"start":{"line":56,"column":16},"end":{"line":56,"column":51}},"33":{"start":{"line":58,"column":2},"end":{"line":58,"column":88}},"34":{"start":{"line":58,"column":14},"end":{"line":58,"column":88}},"35":{"start":{"line":60,"column":2},"end":{"line":60,"column":18}},"36":{"start":{"line":63,"column":0},"end":{"line":63,"column":24}}},"fnMap":{"0":{"name":"(anonymous_0)","decl":{"start":{"line":7,"column":16},"end":{"line":7,"column":17}},"loc":{"start":{"line":7,"column":36},"end":{"line":10,"column":1}},"line":7},"1":{"name":"(anonymous_1)","decl":{"start":{"line":12,"column":17},"end":{"line":12,"column":18}},"loc":{"start":{"line":12,"column":37},"end":{"line":32,"column":1}},"line":12},"2":{"name":"(anonymous_2)","decl":{"start":{"line":34,"column":19},"end":{"line":34,"column":20}},"loc":{"start":{"line":34,"column":39},"end":{"line":45,"column":1}},"line":34},"3":{"name":"(anonymous_3)","decl":{"start":{"line":47,"column":22},"end":{"line":47,"column":23}},"loc":{"start":{"line":47,"column":42},"end":{"line":53,"column":1}},"line":47},"4":{"name":"(anonymous_4)","decl":{"start":{"line":55,"column":19},"end":{"line":55,"column":20}},"loc":{"start":{"line":55,"column":39},"end":{"line":61,"column":1}},"line":55}},"branchMap":{"0":{"loc":{"start":{"line":14,"column":2},"end":{"line":14,"column":67}},"type":"if","locations":[{"start":{"line":14,"column":2},"end":{"line":14,"column":67}},{"start":{},"end":{}}],"line":14},"1":{"loc":{"start":{"line":18,"column":2},"end":{"line":18,"column":59}},"type":"if","locations":[{"start":{"line":18,"column":2},"end":{"line":18,"column":59}},{"start":{},"end":{}}],"line":18},"2":{"loc":{"start":{"line":36,"column":2},"end":{"line":36,"column":67}},"type":"if","locations":[{"start":{"line":36,"column":2},"end":{"line":36,"column":67}},{"start":{},"end":{}}],"line":36},"3":{"loc":{"start":{"line":42,"column":2},"end":{"line":42,"column":88}},"type":"if","locations":[{"start":{"line":42,"column":2},"end":{"line":42,"column":88}},{"start":{},"end":{}}],"line":42},"4":{"loc":{"start":{"line":50,"column":2},"end":{"line":50,"column":88}},"type":"if","locations":[{"start":{"line":50,"column":2},"end":{"line":50,"column":88}},{"start":{},"end":{}}],"line":50},"5":{"loc":{"start":{"line":58,"column":2},"end":{"line":58,"column":88}},"type":"if","locations":[{"start":{"line":58,"column":2},"end":{"line":58,"column":88}},{"start":{},"end":{}}],"line":58}},"s":{"0":3,"1":3,"2":3,"3":3,"4":3,"5":3,"6":0,"7":0,"8":3,"9":0,"10":0,"11":0,"12":0,"13":0,"14":0,"15":0,"16":0,"17":0,"18":3,"19":0,"20":0,"21":0,"22":0,"23":0,"24":0,"25":0,"26":3,"27":0,"28":0,"29":0,"30":0,"31":3,"32":0,"33":0,"34":0,"35":0,"36":3},"f":{"0":0,"1":0,"2":0,"3":0,"4":0},"b":{"0":[0,0],"1":[0,0],"2":[0,0],"3":[0,0],"4":[0,0],"5":[0,0]},"_coverageSchema":"1a1c01bbd47fc00a2c39e90264f33305004495a9","hash":"6a7aad97fea070fcafdaee14cbe51becb25ae9f1"}
,"E:\\NODE\\9- Mongoose- Modeling Relationships between Connected Data\\before\\vidly\\routes\\rentals.js": {"path":"E:\\NODE\\9- Mongoose- Modeling Relationships between Connected Data\\before\\vidly\\routes\\rentals.js","statementMap":{"0":{"start":{"line":1,"column":27},"end":{"line":1,"column":55}},"1":{"start":{"line":2,"column":17},"end":{"line":2,"column":36}},"2":{"start":{"line":3,"column":16},"end":{"line":3,"column":43}},"3":{"start":{"line":4,"column":19},"end":{"line":4,"column":48}},"4":{"start":{"line":5,"column":16},"end":{"line":5,"column":34}},"5":{"start":{"line":6,"column":15},"end":{"line":6,"column":31}},"6":{"start":{"line":7,"column":12},"end":{"line":7,"column":28}},"7":{"start":{"line":10,"column":0},"end":{"line":10,"column":20}},"8":{"start":{"line":12,"column":0},"end":{"line":15,"column":3}},"9":{"start":{"line":13,"column":18},"end":{"line":13,"column":54}},"10":{"start":{"line":14,"column":2},"end":{"line":14,"column":20}},"11":{"start":{"line":17,"column":0},"end":{"line":68,"column":3}},"12":{"start":{"line":18,"column":20},"end":{"line":18,"column":38}},"13":{"start":{"line":19,"column":2},"end":{"line":19,"column":67}},"14":{"start":{"line":19,"column":13},"end":{"line":19,"column":67}},"15":{"start":{"line":21,"column":19},"end":{"line":21,"column":63}},"16":{"start":{"line":22,"column":2},"end":{"line":22,"column":66}},"17":{"start":{"line":22,"column":17},"end":{"line":22,"column":66}},"18":{"start":{"line":24,"column":16},"end":{"line":24,"column":54}},"19":{"start":{"line":25,"column":2},"end":{"line":25,"column":60}},"20":{"start":{"line":25,"column":14},"end":{"line":25,"column":60}},"21":{"start":{"line":28,"column":2},"end":{"line":28,"column":84}},"22":{"start":{"line":28,"column":33},"end":{"line":28,"column":84}},"23":{"start":{"line":30,"column":15},"end":{"line":42,"column":2}},"24":{"start":{"line":55,"column":0},"end":{"line":67,"column":3}},"25":{"start":{"line":56,"column":0},"end":{"line":62,"column":11}},"26":{"start":{"line":63,"column":2},"end":{"line":63,"column":19}},"27":{"start":{"line":66,"column":4},"end":{"line":66,"column":45}},"28":{"start":{"line":70,"column":0},"end":{"line":81,"column":3}},"29":{"start":{"line":71,"column":20},"end":{"line":71,"column":38}},"30":{"start":{"line":72,"column":2},"end":{"line":72,"column":67}},"31":{"start":{"line":72,"column":13},"end":{"line":72,"column":67}},"32":{"start":{"line":74,"column":17},"end":{"line":76,"column":4}},"33":{"start":{"line":78,"column":2},"end":{"line":78,"column":89}},"34":{"start":{"line":78,"column":15},"end":{"line":78,"column":89}},"35":{"start":{"line":80,"column":2},"end":{"line":80,"column":19}},"36":{"start":{"line":83,"column":0},"end":{"line":89,"column":3}},"37":{"start":{"line":84,"column":17},"end":{"line":84,"column":62}},"38":{"start":{"line":86,"column":2},"end":{"line":86,"column":89}},"39":{"start":{"line":86,"column":15},"end":{"line":86,"column":89}},"40":{"start":{"line":88,"column":2},"end":{"line":88,"column":19}},"41":{"start":{"line":91,"column":0},"end":{"line":97,"column":3}},"42":{"start":{"line":92,"column":17},"end":{"line":92,"column":53}},"43":{"start":{"line":94,"column":2},"end":{"line":94,"column":89}},"44":{"start":{"line":94,"column":15},"end":{"line":94,"column":89}},"45":{"start":{"line":96,"column":2},"end":{"line":96,"column":19}},"46":{"start":{"line":99,"column":0},"end":{"line":99,"column":24}}},"fnMap":{"0":{"name":"(anonymous_0)","decl":{"start":{"line":12,"column":16},"end":{"line":12,"column":17}},"loc":{"start":{"line":12,"column":36},"end":{"line":15,"column":1}},"line":12},"1":{"name":"(anonymous_1)","decl":{"start":{"line":17,"column":17},"end":{"line":17,"column":18}},"loc":{"start":{"line":17,"column":37},"end":{"line":68,"column":1}},"line":17},"2":{"name":"(anonymous_2)","decl":{"start":{"line":70,"column":19},"end":{"line":70,"column":20}},"loc":{"start":{"line":70,"column":39},"end":{"line":81,"column":1}},"line":70},"3":{"name":"(anonymous_3)","decl":{"start":{"line":83,"column":22},"end":{"line":83,"column":23}},"loc":{"start":{"line":83,"column":42},"end":{"line":89,"column":1}},"line":83},"4":{"name":"(anonymous_4)","decl":{"start":{"line":91,"column":19},"end":{"line":91,"column":20}},"loc":{"start":{"line":91,"column":39},"end":{"line":97,"column":1}},"line":91}},"branchMap":{"0":{"loc":{"start":{"line":19,"column":2},"end":{"line":19,"column":67}},"type":"if","locations":[{"start":{"line":19,"column":2},"end":{"line":19,"column":67}},{"start":{},"end":{}}],"line":19},"1":{"loc":{"start":{"line":22,"column":2},"end":{"line":22,"column":66}},"type":"if","locations":[{"start":{"line":22,"column":2},"end":{"line":22,"column":66}},{"start":{},"end":{}}],"line":22},"2":{"loc":{"start":{"line":25,"column":2},"end":{"line":25,"column":60}},"type":"if","locations":[{"start":{"line":25,"column":2},"end":{"line":25,"column":60}},{"start":{},"end":{}}],"line":25},"3":{"loc":{"start":{"line":28,"column":2},"end":{"line":28,"column":84}},"type":"if","locations":[{"start":{"line":28,"column":2},"end":{"line":28,"column":84}},{"start":{},"end":{}}],"line":28},"4":{"loc":{"start":{"line":72,"column":2},"end":{"line":72,"column":67}},"type":"if","locations":[{"start":{"line":72,"column":2},"end":{"line":72,"column":67}},{"start":{},"end":{}}],"line":72},"5":{"loc":{"start":{"line":78,"column":2},"end":{"line":78,"column":89}},"type":"if","locations":[{"start":{"line":78,"column":2},"end":{"line":78,"column":89}},{"start":{},"end":{}}],"line":78},"6":{"loc":{"start":{"line":86,"column":2},"end":{"line":86,"column":89}},"type":"if","locations":[{"start":{"line":86,"column":2},"end":{"line":86,"column":89}},{"start":{},"end":{}}],"line":86},"7":{"loc":{"start":{"line":94,"column":2},"end":{"line":94,"column":89}},"type":"if","locations":[{"start":{"line":94,"column":2},"end":{"line":94,"column":89}},{"start":{},"end":{}}],"line":94}},"s":{"0":3,"1":3,"2":3,"3":3,"4":3,"5":3,"6":3,"7":3,"8":3,"9":0,"10":0,"11":3,"12":0,"13":0,"14":0,"15":0,"16":0,"17":0,"18":0,"19":0,"20":0,"21":0,"22":0,"23":0,"24":0,"25":0,"26":0,"27":0,"28":3,"29":0,"30":0,"31":0,"32":0,"33":0,"34":0,"35":0,"36":3,"37":0,"38":0,"39":0,"40":0,"41":3,"42":0,"43":0,"44":0,"45":0,"46":3},"f":{"0":0,"1":0,"2":0,"3":0,"4":0},"b":{"0":[0,0],"1":[0,0],"2":[0,0],"3":[0,0],"4":[0,0],"5":[0,0],"6":[0,0],"7":[0,0]},"_coverageSchema":"1a1c01bbd47fc00a2c39e90264f33305004495a9","hash":"b161463bdb9bd471d46a28ba736c5589c9969504"}
,"E:\\NODE\\9- Mongoose- Modeling Relationships between Connected Data\\before\\vidly\\routes\\users.js": {"path":"E:\\NODE\\9- Mongoose- Modeling Relationships between Connected Data\\before\\vidly\\routes\\users.js","statementMap":{"0":{"start":{"line":1,"column":15},"end":{"line":1,"column":32}},"1":{"start":{"line":3,"column":10},"end":{"line":3,"column":27}},"2":{"start":{"line":4,"column":11},"end":{"line":4,"column":34}},"3":{"start":{"line":5,"column":14},"end":{"line":5,"column":31}},"4":{"start":{"line":6,"column":25},"end":{"line":6,"column":50}},"5":{"start":{"line":7,"column":17},"end":{"line":7,"column":36}},"6":{"start":{"line":8,"column":16},"end":{"line":8,"column":34}},"7":{"start":{"line":9,"column":15},"end":{"line":9,"column":31}},"8":{"start":{"line":12,"column":0},"end":{"line":37,"column":3}},"9":{"start":{"line":14,"column":22},"end":{"line":14,"column":40}},"10":{"start":{"line":15,"column":4},"end":{"line":15,"column":69}},"11":{"start":{"line":15,"column":15},"end":{"line":15,"column":69}},"12":{"start":{"line":19,"column":14},"end":{"line":19,"column":57}},"13":{"start":{"line":20,"column":3},"end":{"line":20,"column":63}},"14":{"start":{"line":20,"column":13},"end":{"line":20,"column":63}},"15":{"start":{"line":22,"column":5},"end":{"line":24,"column":6}},"16":{"start":{"line":26,"column":17},"end":{"line":26,"column":41}},"17":{"start":{"line":27,"column":5},"end":{"line":27,"column":60}},"18":{"start":{"line":28,"column":5},"end":{"line":28,"column":23}},"19":{"start":{"line":32,"column":18},"end":{"line":32,"column":38}},"20":{"start":{"line":36,"column":4},"end":{"line":36,"column":79}},"21":{"start":{"line":39,"column":0},"end":{"line":39,"column":24}}},"fnMap":{"0":{"name":"(anonymous_0)","decl":{"start":{"line":12,"column":17},"end":{"line":12,"column":18}},"loc":{"start":{"line":12,"column":37},"end":{"line":37,"column":1}},"line":12}},"branchMap":{"0":{"loc":{"start":{"line":15,"column":4},"end":{"line":15,"column":69}},"type":"if","locations":[{"start":{"line":15,"column":4},"end":{"line":15,"column":69}},{"start":{},"end":{}}],"line":15},"1":{"loc":{"start":{"line":20,"column":3},"end":{"line":20,"column":63}},"type":"if","locations":[{"start":{"line":20,"column":3},"end":{"line":20,"column":63}},{"start":{},"end":{}}],"line":20}},"s":{"0":3,"1":3,"2":3,"3":3,"4":3,"5":3,"6":3,"7":3,"8":3,"9":0,"10":0,"11":0,"12":0,"13":0,"14":0,"15":0,"16":0,"17":0,"18":0,"19":0,"20":0,"21":3},"f":{"0":0},"b":{"0":[0,0],"1":[0,0]},"_coverageSchema":"1a1c01bbd47fc00a2c39e90264f33305004495a9","hash":"920d01a548ab58afd3a23b2e55ea319fe4522867"}
,"E:\\NODE\\9- Mongoose- Modeling Relationships between Connected Data\\before\\vidly\\startup\\config.js": {"path":"E:\\NODE\\9- Mongoose- Modeling Relationships between Connected Data\\before\\vidly\\startup\\config.js","statementMap":{"0":{"start":{"line":1,"column":14},"end":{"line":1,"column":31}},"1":{"start":{"line":2,"column":0},"end":{"line":6,"column":1}},"2":{"start":{"line":3,"column":4},"end":{"line":5,"column":7}},"3":{"start":{"line":4,"column":8},"end":{"line":4,"column":70}}},"fnMap":{"0":{"name":"(anonymous_0)","decl":{"start":{"line":2,"column":17},"end":{"line":2,"column":18}},"loc":{"start":{"line":2,"column":28},"end":{"line":6,"column":1}},"line":2}},"branchMap":{"0":{"loc":{"start":{"line":3,"column":4},"end":{"line":5,"column":7}},"type":"if","locations":[{"start":{"line":3,"column":4},"end":{"line":5,"column":7}},{"start":{},"end":{}}],"line":3}},"s":{"0":3,"1":3,"2":3,"3":0},"f":{"0":3},"b":{"0":[0,3]},"_coverageSchema":"1a1c01bbd47fc00a2c39e90264f33305004495a9","hash":"2b8909fcf8ccb3c910f7b6771625862dcff47236"}
,"E:\\NODE\\9- Mongoose- Modeling Relationships between Connected Data\\before\\vidly\\startup\\db.js": {"path":"E:\\NODE\\9- Mongoose- Modeling Relationships between Connected Data\\before\\vidly\\startup\\db.js","statementMap":{"0":{"start":{"line":1,"column":17},"end":{"line":1,"column":36}},"1":{"start":{"line":2,"column":16},"end":{"line":2,"column":34}},"2":{"start":{"line":3,"column":15},"end":{"line":3,"column":32}},"3":{"start":{"line":5,"column":0},"end":{"line":13,"column":1}},"4":{"start":{"line":6,"column":15},"end":{"line":6,"column":31}},"5":{"start":{"line":7,"column":0},"end":{"line":12,"column":53}},"6":{"start":{"line":12,"column":14},"end":{"line":12,"column":51}}},"fnMap":{"0":{"name":"(anonymous_0)","decl":{"start":{"line":5,"column":16},"end":{"line":5,"column":17}},"loc":{"start":{"line":5,"column":27},"end":{"line":13,"column":1}},"line":5},"1":{"name":"(anonymous_1)","decl":{"start":{"line":12,"column":8},"end":{"line":12,"column":9}},"loc":{"start":{"line":12,"column":14},"end":{"line":12,"column":51}},"line":12}},"branchMap":{},"s":{"0":3,"1":3,"2":3,"3":3,"4":3,"5":3,"6":2},"f":{"0":3,"1":2},"b":{},"_coverageSchema":"1a1c01bbd47fc00a2c39e90264f33305004495a9","hash":"6f90772aaf40a48f58be2ce51a58c0a28c9f2f33"}
,"E:\\NODE\\9- Mongoose- Modeling Relationships between Connected Data\\before\\vidly\\startup\\logging.js": {"path":"E:\\NODE\\9- Mongoose- Modeling Relationships between Connected Data\\before\\vidly\\startup\\logging.js","statementMap":{"0":{"start":{"line":1,"column":16},"end":{"line":1,"column":34}},"1":{"start":{"line":5,"column":0},"end":{"line":30,"column":2}},"2":{"start":{"line":7,"column":4},"end":{"line":9,"column":7}},"3":{"start":{"line":8,"column":8},"end":{"line":8,"column":17}},"4":{"start":{"line":12,"column":4},"end":{"line":17,"column":6}},"5":{"start":{"line":20,"column":4},"end":{"line":20,"column":74}},"6":{"start":{"line":23,"column":4},"end":{"line":25,"column":8}}},"fnMap":{"0":{"name":"(anonymous_0)","decl":{"start":{"line":5,"column":17},"end":{"line":5,"column":18}},"loc":{"start":{"line":5,"column":29},"end":{"line":30,"column":1}},"line":5},"1":{"name":"(anonymous_1)","decl":{"start":{"line":7,"column":37},"end":{"line":7,"column":38}},"loc":{"start":{"line":7,"column":45},"end":{"line":9,"column":5}},"line":7}},"branchMap":{},"s":{"0":3,"1":3,"2":3,"3":0,"4":3,"5":3,"6":3},"f":{"0":3,"1":0},"b":{},"_coverageSchema":"1a1c01bbd47fc00a2c39e90264f33305004495a9","hash":"37858b6421120e5b0bd79d6fd041566cb5c21cfb"}
,"E:\\NODE\\9- Mongoose- Modeling Relationships between Connected Data\\before\\vidly\\startup\\routes.js": {"path":"E:\\NODE\\9- Mongoose- Modeling Relationships between Connected Data\\before\\vidly\\startup\\routes.js","statementMap":{"0":{"start":{"line":1,"column":14},"end":{"line":1,"column":45}},"1":{"start":{"line":2,"column":16},"end":{"line":2,"column":34}},"2":{"start":{"line":3,"column":15},"end":{"line":3,"column":42}},"3":{"start":{"line":4,"column":15},"end":{"line":4,"column":42}},"4":{"start":{"line":5,"column":14},"end":{"line":5,"column":40}},"5":{"start":{"line":6,"column":13},"end":{"line":6,"column":38}},"6":{"start":{"line":7,"column":18},"end":{"line":7,"column":48}},"7":{"start":{"line":8,"column":16},"end":{"line":8,"column":44}},"8":{"start":{"line":10,"column":0},"end":{"line":23,"column":1}},"9":{"start":{"line":11,"column":0},"end":{"line":11,"column":24}},"10":{"start":{"line":12,"column":0},"end":{"line":12,"column":31}},"11":{"start":{"line":13,"column":0},"end":{"line":13,"column":31}},"12":{"start":{"line":14,"column":0},"end":{"line":14,"column":37}},"13":{"start":{"line":15,"column":0},"end":{"line":15,"column":33}},"14":{"start":{"line":16,"column":0},"end":{"line":16,"column":29}},"15":{"start":{"line":17,"column":0},"end":{"line":17,"column":27}},"16":{"start":{"line":22,"column":0},"end":{"line":22,"column":15}}},"fnMap":{"0":{"name":"(anonymous_0)","decl":{"start":{"line":10,"column":16},"end":{"line":10,"column":17}},"loc":{"start":{"line":10,"column":30},"end":{"line":23,"column":1}},"line":10}},"branchMap":{},"s":{"0":3,"1":3,"2":3,"3":3,"4":3,"5":3,"6":3,"7":3,"8":3,"9":3,"10":3,"11":3,"12":3,"13":3,"14":3,"15":3,"16":3},"f":{"0":3},"b":{},"_coverageSchema":"1a1c01bbd47fc00a2c39e90264f33305004495a9","hash":"dad28f37d2d4519fb5804561710bddc66e94ddae"}
,"E:\\NODE\\9- Mongoose- Modeling Relationships between Connected Data\\before\\vidly\\startup\\validation.js": {"path":"E:\\NODE\\9- Mongoose- Modeling Relationships between Connected Data\\before\\vidly\\startup\\validation.js","statementMap":{"0":{"start":{"line":1,"column":12},"end":{"line":1,"column":26}},"1":{"start":{"line":3,"column":0},"end":{"line":5,"column":1}},"2":{"start":{"line":4,"column":0},"end":{"line":4,"column":44}}},"fnMap":{"0":{"name":"(anonymous_0)","decl":{"start":{"line":3,"column":17},"end":{"line":3,"column":18}},"loc":{"start":{"line":3,"column":28},"end":{"line":5,"column":1}},"line":3}},"branchMap":{},"s":{"0":3,"1":3,"2":3},"f":{"0":3},"b":{},"_coverageSchema":"1a1c01bbd47fc00a2c39e90264f33305004495a9","hash":"ca71e8d4f2898207ab4fc43c23cb5d47024024be"}
}
